{"/Users/przyb/Sites/__libs/owd-path-builder/src/PathBuilder.ts": {"path":"/Users/przyb/Sites/__libs/owd-path-builder/src/PathBuilder.ts","statementMap":{"0":{"start":{"line":1,"column":0},"end":{"line":1,"column":null}},"1":{"start":{"line":13,"column":0},"end":{"line":13,"column":59}},"2":{"start":{"line":16,"column":0},"end":{"line":16,"column":null}},"3":{"start":{"line":22,"column":2},"end":{"line":22,"column":24}},"4":{"start":{"line":23,"column":2},"end":{"line":23,"column":28}},"5":{"start":{"line":24,"column":2},"end":{"line":24,"column":14}},"6":{"start":{"line":27,"column":1},"end":{"line":35,"column":null}},"7":{"start":{"line":28,"column":2},"end":{"line":30,"column":null}},"8":{"start":{"line":29,"column":3},"end":{"line":29,"column":80}},"9":{"start":{"line":32,"column":2},"end":{"line":32,"column":20}},"10":{"start":{"line":34,"column":2},"end":{"line":34,"column":14}},"11":{"start":{"line":37,"column":1},"end":{"line":42,"column":null}},"12":{"start":{"line":38,"column":2},"end":{"line":38,"column":36}},"13":{"start":{"line":39,"column":2},"end":{"line":39,"column":23}},"14":{"start":{"line":41,"column":2},"end":{"line":41,"column":14}},"15":{"start":{"line":44,"column":1},"end":{"line":48,"column":null}},"16":{"start":{"line":45,"column":2},"end":{"line":45,"column":52}},"17":{"start":{"line":47,"column":2},"end":{"line":47,"column":14}},"18":{"start":{"line":50,"column":1},"end":{"line":54,"column":null}},"19":{"start":{"line":51,"column":2},"end":{"line":51,"column":50}},"20":{"start":{"line":53,"column":2},"end":{"line":53,"column":14}},"21":{"start":{"line":56,"column":1},"end":{"line":60,"column":null}},"22":{"start":{"line":57,"column":2},"end":{"line":57,"column":57}},"23":{"start":{"line":59,"column":2},"end":{"line":59,"column":14}},"24":{"start":{"line":62,"column":1},"end":{"line":66,"column":null}},"25":{"start":{"line":63,"column":2},"end":{"line":63,"column":55}},"26":{"start":{"line":65,"column":2},"end":{"line":65,"column":14}},"27":{"start":{"line":68,"column":1},"end":{"line":72,"column":null}},"28":{"start":{"line":69,"column":2},"end":{"line":69,"column":69}},"29":{"start":{"line":71,"column":2},"end":{"line":71,"column":14}},"30":{"start":{"line":74,"column":1},"end":{"line":78,"column":null}},"31":{"start":{"line":75,"column":2},"end":{"line":75,"column":70}},"32":{"start":{"line":77,"column":2},"end":{"line":77,"column":14}},"33":{"start":{"line":80,"column":1},"end":{"line":84,"column":null}},"34":{"start":{"line":81,"column":2},"end":{"line":81,"column":70}},"35":{"start":{"line":83,"column":2},"end":{"line":83,"column":14}},"36":{"start":{"line":86,"column":1},"end":{"line":90,"column":null}},"37":{"start":{"line":87,"column":2},"end":{"line":87,"column":81}},"38":{"start":{"line":89,"column":2},"end":{"line":89,"column":14}},"39":{"start":{"line":92,"column":1},"end":{"line":96,"column":null}},"40":{"start":{"line":93,"column":2},"end":{"line":93,"column":28}},"41":{"start":{"line":95,"column":2},"end":{"line":95,"column":14}},"42":{"start":{"line":98,"column":1},"end":{"line":102,"column":null}},"43":{"start":{"line":99,"column":2},"end":{"line":99,"column":28}},"44":{"start":{"line":101,"column":2},"end":{"line":101,"column":14}},"45":{"start":{"line":104,"column":1},"end":{"line":106,"column":null}},"46":{"start":{"line":105,"column":2},"end":{"line":105,"column":84}},"47":{"start":{"line":105,"column":39},"end":{"line":105,"column":73}},"48":{"start":{"line":107,"column":0},"end":{"line":107,"column":2}}},"fnMap":{"0":{"name":"(anonymous_0)","decl":{"start":{"line":16,"column":0},"end":{"line":16,"column":null}},"loc":{"start":{"line":16,"column":0},"end":{"line":107,"column":1}}},"1":{"name":"PathBuilder","decl":{"start":{"line":21,"column":1},"end":{"line":21,"column":null}},"loc":{"start":{"line":21,"column":1},"end":{"line":25,"column":2}}},"2":{"name":"(anonymous_2)","decl":{"start":{"line":27,"column":1},"end":{"line":27,"column":12}},"loc":{"start":{"line":27,"column":27},"end":{"line":35,"column":2}}},"3":{"name":"(anonymous_3)","decl":{"start":{"line":37,"column":1},"end":{"line":37,"column":6}},"loc":{"start":{"line":37,"column":1},"end":{"line":42,"column":2}}},"4":{"name":"(anonymous_4)","decl":{"start":{"line":44,"column":1},"end":{"line":44,"column":7}},"loc":{"start":{"line":44,"column":28},"end":{"line":48,"column":2}}},"5":{"name":"(anonymous_5)","decl":{"start":{"line":50,"column":1},"end":{"line":50,"column":5}},"loc":{"start":{"line":50,"column":26},"end":{"line":54,"column":2}}},"6":{"name":"(anonymous_6)","decl":{"start":{"line":56,"column":1},"end":{"line":56,"column":15}},"loc":{"start":{"line":56,"column":25},"end":{"line":60,"column":2}}},"7":{"name":"(anonymous_7)","decl":{"start":{"line":62,"column":1},"end":{"line":62,"column":13}},"loc":{"start":{"line":62,"column":23},"end":{"line":66,"column":2}}},"8":{"name":"(anonymous_8)","decl":{"start":{"line":68,"column":1},"end":{"line":68,"column":6}},"loc":{"start":{"line":68,"column":77},"end":{"line":72,"column":2}}},"9":{"name":"(anonymous_9)","decl":{"start":{"line":74,"column":1},"end":{"line":74,"column":15}},"loc":{"start":{"line":74,"column":62},"end":{"line":78,"column":2}}},"10":{"name":"(anonymous_10)","decl":{"start":{"line":80,"column":1},"end":{"line":80,"column":15}},"loc":{"start":{"line":80,"column":62},"end":{"line":84,"column":2}}},"11":{"name":"(anonymous_11)","decl":{"start":{"line":86,"column":1},"end":{"line":86,"column":4}},"loc":{"start":{"line":86,"column":97},"end":{"line":90,"column":2}}},"12":{"name":"(anonymous_12)","decl":{"start":{"line":92,"column":1},"end":{"line":92,"column":9}},"loc":{"start":{"line":92,"column":1},"end":{"line":96,"column":2}}},"13":{"name":"(anonymous_13)","decl":{"start":{"line":98,"column":1},"end":{"line":98,"column":9}},"loc":{"start":{"line":98,"column":1},"end":{"line":102,"column":2}}},"14":{"name":"(anonymous_14)","decl":{"start":{"line":104,"column":1},"end":{"line":104,"column":9}},"loc":{"start":{"line":104,"column":1},"end":{"line":106,"column":2}}},"15":{"name":"(anonymous_15)","decl":{"start":{"line":105,"column":23},"end":{"line":105,"column":24}},"loc":{"start":{"line":105,"column":34},"end":{"line":105,"column":43}}}},"branchMap":{"0":{"loc":{"start":{"line":28,"column":2},"end":{"line":30,"column":null}},"type":"if","locations":[{"start":{"line":28,"column":2},"end":{"line":30,"column":null}},{"start":{"line":28,"column":2},"end":{"line":30,"column":null}}]}},"s":{"0":1,"1":1,"2":1,"3":9,"4":9,"5":9,"6":1,"7":30,"8":1,"9":29,"10":29,"11":1,"12":7,"13":7,"14":7,"15":1,"16":4,"17":4,"18":1,"19":6,"20":6,"21":1,"22":2,"23":2,"24":1,"25":2,"26":2,"27":1,"28":2,"29":2,"30":1,"31":2,"32":2,"33":1,"34":2,"35":2,"36":1,"37":2,"38":2,"39":1,"40":3,"41":3,"42":1,"43":3,"44":3,"45":1,"46":6,"47":27,"48":1},"f":{"0":1,"1":9,"2":30,"3":7,"4":4,"5":6,"6":2,"7":2,"8":2,"9":2,"10":2,"11":2,"12":3,"13":3,"14":6,"15":27},"b":{"0":[1,29]}}
,"/Users/przyb/Sites/__libs/owd-path-builder/src/constants/index.ts": {"path":"/Users/przyb/Sites/__libs/owd-path-builder/src/constants/index.ts","statementMap":{"0":{"start":{"line":1,"column":13},"end":{"line":1,"column":40}},"1":{"start":{"line":2,"column":13},"end":{"line":2,"column":40}}},"fnMap":{},"branchMap":{},"s":{"0":1,"1":1},"f":{},"b":{}}
,"/Users/przyb/Sites/__libs/owd-path-builder/src/node/ArcNode.ts": {"path":"/Users/przyb/Sites/__libs/owd-path-builder/src/node/ArcNode.ts","statementMap":{"0":{"start":{"line":1,"column":0},"end":{"line":1,"column":34}},"1":{"start":{"line":4,"column":0},"end":{"line":4,"column":null}},"2":{"start":{"line":4,"column":37},"end":{"line":4,"column":45}},"3":{"start":{"line":23,"column":2},"end":{"line":23,"column":null}},"4":{"start":{"line":25,"column":2},"end":{"line":25,"column":17}},"5":{"start":{"line":26,"column":2},"end":{"line":26,"column":15}},"6":{"start":{"line":27,"column":2},"end":{"line":27,"column":15}},"7":{"start":{"line":28,"column":2},"end":{"line":28,"column":27}},"8":{"start":{"line":29,"column":2},"end":{"line":29,"column":17}},"9":{"start":{"line":30,"column":2},"end":{"line":30,"column":21}},"10":{"start":{"line":31,"column":2},"end":{"line":31,"column":15}},"11":{"start":{"line":32,"column":2},"end":{"line":32,"column":15}},"12":{"start":{"line":35,"column":1},"end":{"line":37,"column":null}},"13":{"start":{"line":36,"column":2},"end":{"line":36,"column":142}},"14":{"start":{"line":38,"column":0},"end":{"line":38,"column":null}}},"fnMap":{"0":{"name":"(anonymous_7)","decl":{"start":{"line":4,"column":0},"end":{"line":4,"column":37}},"loc":{"start":{"line":4,"column":0},"end":{"line":38,"column":null}}},"1":{"name":"ArcNode","decl":{"start":{"line":13,"column":1},"end":{"line":13,"column":null}},"loc":{"start":{"line":21,"column":12},"end":{"line":33,"column":2}}},"2":{"name":"(anonymous_9)","decl":{"start":{"line":35,"column":1},"end":{"line":35,"column":9}},"loc":{"start":{"line":35,"column":1},"end":{"line":37,"column":2}}}},"branchMap":{"0":{"loc":{"start":{"line":23,"column":2},"end":{"line":23,"column":13}},"type":"binary-expr","locations":[{"start":{"line":23,"column":2},"end":{"line":23,"column":13}},{"start":{"line":23,"column":13},"end":{"line":23,"column":null}}]}},"s":{"0":1,"1":1,"2":1,"3":2,"4":2,"5":2,"6":2,"7":2,"8":2,"9":2,"10":2,"11":2,"12":1,"13":2,"14":1},"f":{"0":1,"1":2,"2":2},"b":{"0":[2,2]}}
,"/Users/przyb/Sites/__libs/owd-path-builder/src/node/CloseNode.ts": {"path":"/Users/przyb/Sites/__libs/owd-path-builder/src/node/CloseNode.ts","statementMap":{"0":{"start":{"line":1,"column":0},"end":{"line":1,"column":34}},"1":{"start":{"line":3,"column":0},"end":{"line":3,"column":44}},"2":{"start":{"line":5,"column":0},"end":{"line":5,"column":null}},"3":{"start":{"line":5,"column":39},"end":{"line":5,"column":47}},"4":{"start":{"line":6,"column":13},"end":{"line":6,"column":null}},"5":{"start":{"line":7,"column":2},"end":{"line":7,"column":null}},"6":{"start":{"line":9,"column":2},"end":{"line":9,"column":17}},"7":{"start":{"line":11,"column":0},"end":{"line":11,"column":null}}},"fnMap":{"0":{"name":"(anonymous_7)","decl":{"start":{"line":5,"column":0},"end":{"line":5,"column":39}},"loc":{"start":{"line":5,"column":0},"end":{"line":11,"column":null}}},"1":{"name":"CloseNode","decl":{"start":{"line":6,"column":1},"end":{"line":6,"column":13}},"loc":{"start":{"line":6,"column":39},"end":{"line":10,"column":2}}}},"branchMap":{"0":{"loc":{"start":{"line":6,"column":13},"end":{"line":6,"column":null}},"type":"if","locations":[{"start":{"line":6,"column":13},"end":{"line":6,"column":null}},{"start":{"line":6,"column":13},"end":{"line":6,"column":null}}]},"1":{"loc":{"start":{"line":7,"column":2},"end":{"line":7,"column":13}},"type":"binary-expr","locations":[{"start":{"line":7,"column":2},"end":{"line":7,"column":13}},{"start":{"line":7,"column":13},"end":{"line":7,"column":null}}]}},"s":{"0":1,"1":1,"2":1,"3":1,"4":14,"5":7,"6":7,"7":1},"f":{"0":1,"1":7},"b":{"0":[7,0],"1":[7,7]}}
,"/Users/przyb/Sites/__libs/owd-path-builder/src/node/CurveNode.ts": {"path":"/Users/przyb/Sites/__libs/owd-path-builder/src/node/CurveNode.ts","statementMap":{"0":{"start":{"line":1,"column":0},"end":{"line":1,"column":34}},"1":{"start":{"line":4,"column":0},"end":{"line":4,"column":null}},"2":{"start":{"line":4,"column":39},"end":{"line":4,"column":47}},"3":{"start":{"line":21,"column":2},"end":{"line":21,"column":null}},"4":{"start":{"line":23,"column":2},"end":{"line":23,"column":17}},"5":{"start":{"line":24,"column":2},"end":{"line":24,"column":15}},"6":{"start":{"line":25,"column":2},"end":{"line":25,"column":15}},"7":{"start":{"line":26,"column":2},"end":{"line":26,"column":15}},"8":{"start":{"line":27,"column":2},"end":{"line":27,"column":15}},"9":{"start":{"line":28,"column":2},"end":{"line":28,"column":15}},"10":{"start":{"line":29,"column":2},"end":{"line":29,"column":15}},"11":{"start":{"line":32,"column":1},"end":{"line":34,"column":null}},"12":{"start":{"line":33,"column":2},"end":{"line":33,"column":119}},"13":{"start":{"line":35,"column":0},"end":{"line":35,"column":null}}},"fnMap":{"0":{"name":"(anonymous_7)","decl":{"start":{"line":4,"column":0},"end":{"line":4,"column":39}},"loc":{"start":{"line":4,"column":0},"end":{"line":35,"column":null}}},"1":{"name":"CurveNode","decl":{"start":{"line":12,"column":1},"end":{"line":12,"column":null}},"loc":{"start":{"line":19,"column":12},"end":{"line":30,"column":2}}},"2":{"name":"(anonymous_9)","decl":{"start":{"line":32,"column":1},"end":{"line":32,"column":9}},"loc":{"start":{"line":32,"column":1},"end":{"line":34,"column":2}}}},"branchMap":{"0":{"loc":{"start":{"line":21,"column":2},"end":{"line":21,"column":13}},"type":"binary-expr","locations":[{"start":{"line":21,"column":2},"end":{"line":21,"column":13}},{"start":{"line":21,"column":13},"end":{"line":21,"column":null}}]}},"s":{"0":1,"1":1,"2":1,"3":2,"4":2,"5":2,"6":2,"7":2,"8":2,"9":2,"10":2,"11":1,"12":2,"13":1},"f":{"0":1,"1":2,"2":2},"b":{"0":[2,2]}}
,"/Users/przyb/Sites/__libs/owd-path-builder/src/node/HorizontalLineNode.ts": {"path":"/Users/przyb/Sites/__libs/owd-path-builder/src/node/HorizontalLineNode.ts","statementMap":{"0":{"start":{"line":1,"column":0},"end":{"line":1,"column":34}},"1":{"start":{"line":4,"column":0},"end":{"line":4,"column":null}},"2":{"start":{"line":4,"column":44},"end":{"line":4,"column":52}},"3":{"start":{"line":6,"column":2},"end":{"line":6,"column":null}},"4":{"start":{"line":8,"column":2},"end":{"line":8,"column":17}},"5":{"start":{"line":11,"column":1},"end":{"line":13,"column":null}},"6":{"start":{"line":12,"column":2},"end":{"line":12,"column":53}},"7":{"start":{"line":14,"column":0},"end":{"line":14,"column":null}}},"fnMap":{"0":{"name":"(anonymous_7)","decl":{"start":{"line":4,"column":0},"end":{"line":4,"column":44}},"loc":{"start":{"line":4,"column":0},"end":{"line":14,"column":null}}},"1":{"name":"HorizontalNode","decl":{"start":{"line":5,"column":1},"end":{"line":5,"column":13}},"loc":{"start":{"line":5,"column":34},"end":{"line":9,"column":2}}},"2":{"name":"(anonymous_9)","decl":{"start":{"line":11,"column":1},"end":{"line":11,"column":9}},"loc":{"start":{"line":11,"column":1},"end":{"line":13,"column":2}}}},"branchMap":{"0":{"loc":{"start":{"line":6,"column":2},"end":{"line":6,"column":19}},"type":"binary-expr","locations":[{"start":{"line":6,"column":2},"end":{"line":6,"column":19}},{"start":{"line":6,"column":19},"end":{"line":6,"column":null}}]}},"s":{"0":1,"1":1,"2":1,"3":2,"4":2,"5":1,"6":2,"7":1},"f":{"0":1,"1":2,"2":2},"b":{"0":[2,0]}}
,"/Users/przyb/Sites/__libs/owd-path-builder/src/node/LineNode.ts": {"path":"/Users/przyb/Sites/__libs/owd-path-builder/src/node/LineNode.ts","statementMap":{"0":{"start":{"line":1,"column":0},"end":{"line":1,"column":38}},"1":{"start":{"line":4,"column":0},"end":{"line":4,"column":null}},"2":{"start":{"line":4,"column":38},"end":{"line":4,"column":48}},"3":{"start":{"line":6,"column":2},"end":{"line":6,"column":null}},"4":{"start":{"line":8,"column":2},"end":{"line":8,"column":17}},"5":{"start":{"line":10,"column":0},"end":{"line":10,"column":null}}},"fnMap":{"0":{"name":"(anonymous_7)","decl":{"start":{"line":4,"column":0},"end":{"line":4,"column":38}},"loc":{"start":{"line":4,"column":0},"end":{"line":10,"column":null}}},"1":{"name":"LineNode","decl":{"start":{"line":5,"column":1},"end":{"line":5,"column":13}},"loc":{"start":{"line":5,"column":45},"end":{"line":9,"column":2}}}},"branchMap":{"0":{"loc":{"start":{"line":6,"column":2},"end":{"line":6,"column":19}},"type":"binary-expr","locations":[{"start":{"line":6,"column":2},"end":{"line":6,"column":19}},{"start":{"line":6,"column":19},"end":{"line":6,"column":null}}]}},"s":{"0":1,"1":1,"2":1,"3":10,"4":10,"5":1},"f":{"0":1,"1":10},"b":{"0":[10,0]}}
,"/Users/przyb/Sites/__libs/owd-path-builder/src/node/MoveToNode.ts": {"path":"/Users/przyb/Sites/__libs/owd-path-builder/src/node/MoveToNode.ts","statementMap":{"0":{"start":{"line":1,"column":0},"end":{"line":1,"column":34}},"1":{"start":{"line":4,"column":0},"end":{"line":4,"column":null}},"2":{"start":{"line":4,"column":40},"end":{"line":4,"column":48}},"3":{"start":{"line":9,"column":2},"end":{"line":9,"column":null}},"4":{"start":{"line":11,"column":2},"end":{"line":11,"column":17}},"5":{"start":{"line":12,"column":2},"end":{"line":12,"column":13}},"6":{"start":{"line":13,"column":2},"end":{"line":13,"column":13}},"7":{"start":{"line":16,"column":1},"end":{"line":18,"column":null}},"8":{"start":{"line":17,"column":2},"end":{"line":17,"column":65}},"9":{"start":{"line":19,"column":0},"end":{"line":19,"column":null}}},"fnMap":{"0":{"name":"(anonymous_7)","decl":{"start":{"line":4,"column":0},"end":{"line":4,"column":40}},"loc":{"start":{"line":4,"column":0},"end":{"line":19,"column":null}}},"1":{"name":"MoveToNode","decl":{"start":{"line":8,"column":1},"end":{"line":8,"column":13}},"loc":{"start":{"line":8,"column":45},"end":{"line":14,"column":2}}},"2":{"name":"(anonymous_9)","decl":{"start":{"line":16,"column":1},"end":{"line":16,"column":9}},"loc":{"start":{"line":16,"column":1},"end":{"line":18,"column":2}}}},"branchMap":{"0":{"loc":{"start":{"line":9,"column":2},"end":{"line":9,"column":13}},"type":"binary-expr","locations":[{"start":{"line":9,"column":2},"end":{"line":9,"column":13}},{"start":{"line":9,"column":13},"end":{"line":9,"column":null}}]}},"s":{"0":1,"1":1,"2":1,"3":14,"4":14,"5":14,"6":14,"7":1,"8":10,"9":1},"f":{"0":1,"1":14,"2":10},"b":{"0":[14,14]}}
,"/Users/przyb/Sites/__libs/owd-path-builder/src/node/PathNode.ts": {"path":"/Users/przyb/Sites/__libs/owd-path-builder/src/node/PathNode.ts","statementMap":{"0":{"start":{"line":1,"column":0},"end":{"line":1,"column":59}},"1":{"start":{"line":4,"column":0},"end":{"line":4,"column":null}},"2":{"start":{"line":8,"column":13},"end":{"line":8,"column":null}},"3":{"start":{"line":5,"column":1},"end":{"line":5,"column":18}},"4":{"start":{"line":9,"column":2},"end":{"line":9,"column":36}},"5":{"start":{"line":12,"column":1},"end":{"line":18,"column":null}},"6":{"start":{"line":13,"column":2},"end":{"line":15,"column":null}},"7":{"start":{"line":14,"column":3},"end":{"line":14,"column":33}},"8":{"start":{"line":17,"column":2},"end":{"line":17,"column":32}},"9":{"start":{"line":20,"column":1},"end":{"line":22,"column":null}},"10":{"start":{"line":21,"column":2},"end":{"line":21,"column":26}},"11":{"start":{"line":24,"column":1},"end":{"line":26,"column":null}},"12":{"start":{"line":25,"column":2},"end":{"line":25,"column":37}},"13":{"start":{"line":28,"column":1},"end":{"line":30,"column":null}},"14":{"start":{"line":29,"column":2},"end":{"line":29,"column":42}},"15":{"start":{"line":31,"column":0},"end":{"line":31,"column":null}}},"fnMap":{"0":{"name":"(anonymous_0)","decl":{"start":{"line":4,"column":0},"end":{"line":4,"column":null}},"loc":{"start":{"line":4,"column":0},"end":{"line":31,"column":null}}},"1":{"name":"PathNode","decl":{"start":{"line":8,"column":1},"end":{"line":8,"column":13}},"loc":{"start":{"line":8,"column":39},"end":{"line":10,"column":2}}},"2":{"name":"(anonymous_2)","decl":{"start":{"line":12,"column":1},"end":{"line":12,"column":19}},"loc":{"start":{"line":12,"column":1},"end":{"line":18,"column":2}}},"3":{"name":"(anonymous_3)","decl":{"start":{"line":20,"column":1},"end":{"line":20,"column":5}},"loc":{"start":{"line":20,"column":1},"end":{"line":22,"column":2}}},"4":{"name":"(anonymous_4)","decl":{"start":{"line":24,"column":1},"end":{"line":24,"column":5}},"loc":{"start":{"line":24,"column":1},"end":{"line":26,"column":2}}},"5":{"name":"(anonymous_5)","decl":{"start":{"line":28,"column":1},"end":{"line":28,"column":9}},"loc":{"start":{"line":28,"column":1},"end":{"line":30,"column":2}}}},"branchMap":{"0":{"loc":{"start":{"line":8,"column":13},"end":{"line":8,"column":null}},"type":"if","locations":[{"start":{"line":8,"column":13},"end":{"line":8,"column":null}},{"start":{"line":8,"column":13},"end":{"line":8,"column":null}}]},"1":{"loc":{"start":{"line":9,"column":14},"end":{"line":9,"column":18}},"type":"binary-expr","locations":[{"start":{"line":9,"column":14},"end":{"line":9,"column":18}},{"start":{"line":9,"column":22},"end":{"line":9,"column":35}}]},"2":{"loc":{"start":{"line":13,"column":2},"end":{"line":15,"column":null}},"type":"if","locations":[{"start":{"line":13,"column":2},"end":{"line":15,"column":null}},{"start":{"line":13,"column":2},"end":{"line":15,"column":null}}]}},"s":{"0":1,"1":1,"2":31,"3":30,"4":30,"5":1,"6":27,"7":16,"8":11,"9":1,"10":27,"11":1,"12":27,"13":1,"14":5,"15":1},"f":{"0":1,"1":30,"2":27,"3":27,"4":27,"5":5},"b":{"0":[1,29],"1":[30,0],"2":[16,11]}}
,"/Users/przyb/Sites/__libs/owd-path-builder/src/node/QuadraticCurveNode.ts": {"path":"/Users/przyb/Sites/__libs/owd-path-builder/src/node/QuadraticCurveNode.ts","statementMap":{"0":{"start":{"line":1,"column":0},"end":{"line":1,"column":34}},"1":{"start":{"line":4,"column":0},"end":{"line":4,"column":null}},"2":{"start":{"line":4,"column":48},"end":{"line":4,"column":56}},"3":{"start":{"line":11,"column":2},"end":{"line":11,"column":null}},"4":{"start":{"line":13,"column":2},"end":{"line":13,"column":17}},"5":{"start":{"line":14,"column":2},"end":{"line":14,"column":15}},"6":{"start":{"line":15,"column":2},"end":{"line":15,"column":15}},"7":{"start":{"line":16,"column":2},"end":{"line":16,"column":15}},"8":{"start":{"line":17,"column":2},"end":{"line":17,"column":15}},"9":{"start":{"line":20,"column":1},"end":{"line":22,"column":null}},"10":{"start":{"line":21,"column":2},"end":{"line":21,"column":93}},"11":{"start":{"line":23,"column":0},"end":{"line":23,"column":null}}},"fnMap":{"0":{"name":"(anonymous_7)","decl":{"start":{"line":4,"column":0},"end":{"line":4,"column":48}},"loc":{"start":{"line":4,"column":0},"end":{"line":23,"column":null}}},"1":{"name":"QuadraticCurveNode","decl":{"start":{"line":10,"column":1},"end":{"line":10,"column":13}},"loc":{"start":{"line":10,"column":71},"end":{"line":18,"column":2}}},"2":{"name":"(anonymous_9)","decl":{"start":{"line":20,"column":1},"end":{"line":20,"column":9}},"loc":{"start":{"line":20,"column":1},"end":{"line":22,"column":2}}}},"branchMap":{"0":{"loc":{"start":{"line":11,"column":2},"end":{"line":11,"column":13}},"type":"binary-expr","locations":[{"start":{"line":11,"column":2},"end":{"line":11,"column":13}},{"start":{"line":11,"column":13},"end":{"line":11,"column":null}}]}},"s":{"0":1,"1":1,"2":1,"3":2,"4":2,"5":2,"6":2,"7":2,"8":2,"9":1,"10":2,"11":1},"f":{"0":1,"1":2,"2":2},"b":{"0":[2,2]}}
,"/Users/przyb/Sites/__libs/owd-path-builder/src/node/SymmetricCurveNode.ts": {"path":"/Users/przyb/Sites/__libs/owd-path-builder/src/node/SymmetricCurveNode.ts","statementMap":{"0":{"start":{"line":1,"column":0},"end":{"line":1,"column":34}},"1":{"start":{"line":4,"column":0},"end":{"line":4,"column":null}},"2":{"start":{"line":4,"column":48},"end":{"line":4,"column":56}},"3":{"start":{"line":17,"column":2},"end":{"line":17,"column":null}},"4":{"start":{"line":19,"column":2},"end":{"line":19,"column":17}},"5":{"start":{"line":20,"column":2},"end":{"line":20,"column":15}},"6":{"start":{"line":21,"column":2},"end":{"line":21,"column":15}},"7":{"start":{"line":22,"column":2},"end":{"line":22,"column":15}},"8":{"start":{"line":23,"column":2},"end":{"line":23,"column":15}},"9":{"start":{"line":26,"column":1},"end":{"line":28,"column":null}},"10":{"start":{"line":27,"column":2},"end":{"line":27,"column":93}},"11":{"start":{"line":29,"column":0},"end":{"line":29,"column":null}}},"fnMap":{"0":{"name":"(anonymous_7)","decl":{"start":{"line":4,"column":0},"end":{"line":4,"column":48}},"loc":{"start":{"line":4,"column":0},"end":{"line":29,"column":null}}},"1":{"name":"SymmetricCurveNode","decl":{"start":{"line":10,"column":1},"end":{"line":10,"column":null}},"loc":{"start":{"line":15,"column":12},"end":{"line":24,"column":2}}},"2":{"name":"(anonymous_9)","decl":{"start":{"line":26,"column":1},"end":{"line":26,"column":9}},"loc":{"start":{"line":26,"column":1},"end":{"line":28,"column":2}}}},"branchMap":{"0":{"loc":{"start":{"line":17,"column":2},"end":{"line":17,"column":13}},"type":"binary-expr","locations":[{"start":{"line":17,"column":2},"end":{"line":17,"column":13}},{"start":{"line":17,"column":13},"end":{"line":17,"column":null}}]}},"s":{"0":1,"1":1,"2":1,"3":2,"4":2,"5":2,"6":2,"7":2,"8":2,"9":1,"10":2,"11":1},"f":{"0":1,"1":2,"2":2},"b":{"0":[2,2]}}
,"/Users/przyb/Sites/__libs/owd-path-builder/src/node/VerticalLineNode.ts": {"path":"/Users/przyb/Sites/__libs/owd-path-builder/src/node/VerticalLineNode.ts","statementMap":{"0":{"start":{"line":1,"column":0},"end":{"line":1,"column":34}},"1":{"start":{"line":4,"column":0},"end":{"line":4,"column":null}},"2":{"start":{"line":4,"column":46},"end":{"line":4,"column":54}},"3":{"start":{"line":6,"column":2},"end":{"line":6,"column":null}},"4":{"start":{"line":8,"column":2},"end":{"line":8,"column":17}},"5":{"start":{"line":11,"column":1},"end":{"line":13,"column":null}},"6":{"start":{"line":12,"column":2},"end":{"line":12,"column":53}},"7":{"start":{"line":14,"column":0},"end":{"line":14,"column":null}}},"fnMap":{"0":{"name":"(anonymous_7)","decl":{"start":{"line":4,"column":0},"end":{"line":4,"column":46}},"loc":{"start":{"line":4,"column":0},"end":{"line":14,"column":null}}},"1":{"name":"VerticalLineNode","decl":{"start":{"line":5,"column":1},"end":{"line":5,"column":13}},"loc":{"start":{"line":5,"column":34},"end":{"line":9,"column":2}}},"2":{"name":"(anonymous_9)","decl":{"start":{"line":11,"column":1},"end":{"line":11,"column":9}},"loc":{"start":{"line":11,"column":1},"end":{"line":13,"column":2}}}},"branchMap":{"0":{"loc":{"start":{"line":6,"column":2},"end":{"line":6,"column":19}},"type":"binary-expr","locations":[{"start":{"line":6,"column":2},"end":{"line":6,"column":19}},{"start":{"line":6,"column":19},"end":{"line":6,"column":null}}]}},"s":{"0":1,"1":1,"2":1,"3":2,"4":2,"5":1,"6":2,"7":1},"f":{"0":1,"1":2,"2":2},"b":{"0":[2,0]}}
,"/Users/przyb/Sites/__libs/owd-path-builder/src/node/index.ts": {"path":"/Users/przyb/Sites/__libs/owd-path-builder/src/node/index.ts","statementMap":{"0":{"start":{"line":1,"column":0},"end":{"line":1,"column":9}},"1":{"start":{"line":1,"column":9},"end":{"line":1,"column":28}},"2":{"start":{"line":3,"column":0},"end":{"line":3,"column":9}},"3":{"start":{"line":3,"column":9},"end":{"line":3,"column":29}},"4":{"start":{"line":4,"column":0},"end":{"line":4,"column":9}},"5":{"start":{"line":4,"column":9},"end":{"line":4,"column":30}},"6":{"start":{"line":6,"column":0},"end":{"line":6,"column":9}},"7":{"start":{"line":6,"column":9},"end":{"line":6,"column":28}},"8":{"start":{"line":7,"column":0},"end":{"line":7,"column":9}},"9":{"start":{"line":7,"column":9},"end":{"line":7,"column":38}},"10":{"start":{"line":8,"column":0},"end":{"line":8,"column":9}},"11":{"start":{"line":8,"column":9},"end":{"line":8,"column":36}},"12":{"start":{"line":10,"column":0},"end":{"line":10,"column":9}},"13":{"start":{"line":10,"column":9},"end":{"line":10,"column":29}},"14":{"start":{"line":11,"column":0},"end":{"line":11,"column":9}},"15":{"start":{"line":11,"column":9},"end":{"line":11,"column":38}},"16":{"start":{"line":12,"column":0},"end":{"line":12,"column":9}},"17":{"start":{"line":12,"column":9},"end":{"line":12,"column":38}},"18":{"start":{"line":14,"column":0},"end":{"line":14,"column":9}},"19":{"start":{"line":14,"column":9},"end":{"line":14,"column":27}}},"fnMap":{"0":{"name":"(anonymous_1)","decl":{"start":{"line":1,"column":9},"end":{"line":1,"column":16}},"loc":{"start":{"line":1,"column":9},"end":{"line":1,"column":28}}},"1":{"name":"(anonymous_2)","decl":{"start":{"line":3,"column":9},"end":{"line":3,"column":16}},"loc":{"start":{"line":3,"column":9},"end":{"line":3,"column":29}}},"2":{"name":"(anonymous_3)","decl":{"start":{"line":4,"column":9},"end":{"line":4,"column":16}},"loc":{"start":{"line":4,"column":9},"end":{"line":4,"column":30}}},"3":{"name":"(anonymous_4)","decl":{"start":{"line":6,"column":9},"end":{"line":6,"column":16}},"loc":{"start":{"line":6,"column":9},"end":{"line":6,"column":28}}},"4":{"name":"(anonymous_5)","decl":{"start":{"line":7,"column":9},"end":{"line":7,"column":16}},"loc":{"start":{"line":7,"column":9},"end":{"line":7,"column":38}}},"5":{"name":"(anonymous_6)","decl":{"start":{"line":8,"column":9},"end":{"line":8,"column":16}},"loc":{"start":{"line":8,"column":9},"end":{"line":8,"column":36}}},"6":{"name":"(anonymous_7)","decl":{"start":{"line":10,"column":9},"end":{"line":10,"column":16}},"loc":{"start":{"line":10,"column":9},"end":{"line":10,"column":29}}},"7":{"name":"(anonymous_8)","decl":{"start":{"line":11,"column":9},"end":{"line":11,"column":16}},"loc":{"start":{"line":11,"column":9},"end":{"line":11,"column":38}}},"8":{"name":"(anonymous_9)","decl":{"start":{"line":12,"column":9},"end":{"line":12,"column":16}},"loc":{"start":{"line":12,"column":9},"end":{"line":12,"column":38}}},"9":{"name":"(anonymous_10)","decl":{"start":{"line":14,"column":9},"end":{"line":14,"column":16}},"loc":{"start":{"line":14,"column":9},"end":{"line":14,"column":27}}}},"branchMap":{},"s":{"0":1,"1":2,"2":1,"3":8,"4":1,"5":5,"6":1,"7":7,"8":1,"9":3,"10":1,"11":3,"12":1,"13":3,"14":1,"15":3,"16":1,"17":3,"18":1,"19":3},"f":{"0":1,"1":7,"2":4,"3":6,"4":2,"5":2,"6":2,"7":2,"8":2,"9":2},"b":{}}
}
