TN:
SF:src/PathBuilder.ts
FN:16,(anonymous_0)
FN:21,PathBuilder
FN:27,(anonymous_2)
FN:37,(anonymous_3)
FN:44,(anonymous_4)
FN:50,(anonymous_5)
FN:56,(anonymous_6)
FN:62,(anonymous_7)
FN:68,(anonymous_8)
FN:74,(anonymous_9)
FN:80,(anonymous_10)
FN:86,(anonymous_11)
FN:92,(anonymous_12)
FN:98,(anonymous_13)
FN:104,(anonymous_14)
FN:105,(anonymous_15)
FNF:16
FNH:16
FNDA:1,(anonymous_0)
FNDA:9,PathBuilder
FNDA:30,(anonymous_2)
FNDA:7,(anonymous_3)
FNDA:4,(anonymous_4)
FNDA:6,(anonymous_5)
FNDA:2,(anonymous_6)
FNDA:2,(anonymous_7)
FNDA:2,(anonymous_8)
FNDA:2,(anonymous_9)
FNDA:2,(anonymous_10)
FNDA:2,(anonymous_11)
FNDA:3,(anonymous_12)
FNDA:3,(anonymous_13)
FNDA:6,(anonymous_14)
FNDA:27,(anonymous_15)
DA:1,1
DA:13,1
DA:16,1
DA:22,9
DA:23,9
DA:24,9
DA:27,1
DA:28,30
DA:29,1
DA:32,29
DA:34,29
DA:37,1
DA:38,7
DA:39,7
DA:41,7
DA:44,1
DA:45,4
DA:47,4
DA:50,1
DA:51,6
DA:53,6
DA:56,1
DA:57,2
DA:59,2
DA:62,1
DA:63,2
DA:65,2
DA:68,1
DA:69,2
DA:71,2
DA:74,1
DA:75,2
DA:77,2
DA:80,1
DA:81,2
DA:83,2
DA:86,1
DA:87,2
DA:89,2
DA:92,1
DA:93,3
DA:95,3
DA:98,1
DA:99,3
DA:101,3
DA:104,1
DA:105,27
DA:107,1
LF:48
LH:48
BRDA:28,0,0,1
BRDA:28,0,1,29
BRF:2
BRH:2
end_of_record
TN:
SF:src/constants/index.ts
FNF:0
FNH:0
DA:1,1
DA:2,1
LF:2
LH:2
BRF:0
BRH:0
end_of_record
TN:
SF:src/node/ArcNode.ts
FN:4,(anonymous_7)
FN:13,ArcNode
FN:35,(anonymous_9)
FNF:3
FNH:3
FNDA:1,(anonymous_7)
FNDA:2,ArcNode
FNDA:2,(anonymous_9)
DA:1,1
DA:4,1
DA:23,2
DA:25,2
DA:26,2
DA:27,2
DA:28,2
DA:29,2
DA:30,2
DA:31,2
DA:32,2
DA:35,1
DA:36,2
DA:38,1
LF:14
LH:14
BRDA:23,0,0,2
BRDA:23,0,1,2
BRF:2
BRH:2
end_of_record
TN:
SF:src/node/CloseNode.ts
FN:5,(anonymous_7)
FN:6,CloseNode
FNF:2
FNH:2
FNDA:1,(anonymous_7)
FNDA:7,CloseNode
DA:1,1
DA:3,1
DA:5,1
DA:6,14
DA:7,7
DA:9,7
DA:11,1
LF:7
LH:7
BRDA:6,0,0,7
BRDA:6,0,1,0
BRDA:7,1,0,7
BRDA:7,1,1,7
BRF:4
BRH:3
end_of_record
TN:
SF:src/node/CurveNode.ts
FN:4,(anonymous_7)
FN:12,CurveNode
FN:32,(anonymous_9)
FNF:3
FNH:3
FNDA:1,(anonymous_7)
FNDA:2,CurveNode
FNDA:2,(anonymous_9)
DA:1,1
DA:4,1
DA:21,2
DA:23,2
DA:24,2
DA:25,2
DA:26,2
DA:27,2
DA:28,2
DA:29,2
DA:32,1
DA:33,2
DA:35,1
LF:13
LH:13
BRDA:21,0,0,2
BRDA:21,0,1,2
BRF:2
BRH:2
end_of_record
TN:
SF:src/node/HorizontalLineNode.ts
FN:4,(anonymous_7)
FN:5,HorizontalNode
FN:11,(anonymous_9)
FNF:3
FNH:3
FNDA:1,(anonymous_7)
FNDA:2,HorizontalNode
FNDA:2,(anonymous_9)
DA:1,1
DA:4,1
DA:6,2
DA:8,2
DA:11,1
DA:12,2
DA:14,1
LF:7
LH:7
BRDA:6,0,0,2
BRDA:6,0,1,0
BRF:2
BRH:1
end_of_record
TN:
SF:src/node/LineNode.ts
FN:4,(anonymous_7)
FN:5,LineNode
FNF:2
FNH:2
FNDA:1,(anonymous_7)
FNDA:10,LineNode
DA:1,1
DA:4,1
DA:6,10
DA:8,10
DA:10,1
LF:5
LH:5
BRDA:6,0,0,10
BRDA:6,0,1,0
BRF:2
BRH:1
end_of_record
TN:
SF:src/node/MoveToNode.ts
FN:4,(anonymous_7)
FN:8,MoveToNode
FN:16,(anonymous_9)
FNF:3
FNH:3
FNDA:1,(anonymous_7)
FNDA:14,MoveToNode
FNDA:10,(anonymous_9)
DA:1,1
DA:4,1
DA:9,14
DA:11,14
DA:12,14
DA:13,14
DA:16,1
DA:17,10
DA:19,1
LF:9
LH:9
BRDA:9,0,0,14
BRDA:9,0,1,14
BRF:2
BRH:2
end_of_record
TN:
SF:src/node/PathNode.ts
FN:4,(anonymous_0)
FN:8,PathNode
FN:12,(anonymous_2)
FN:20,(anonymous_3)
FN:24,(anonymous_4)
FN:28,(anonymous_5)
FNF:6
FNH:6
FNDA:1,(anonymous_0)
FNDA:30,PathNode
FNDA:27,(anonymous_2)
FNDA:27,(anonymous_3)
FNDA:27,(anonymous_4)
FNDA:5,(anonymous_5)
DA:1,1
DA:4,1
DA:5,30
DA:8,31
DA:9,30
DA:12,1
DA:13,27
DA:14,16
DA:17,11
DA:20,1
DA:21,27
DA:24,1
DA:25,27
DA:28,1
DA:29,5
DA:31,1
LF:16
LH:16
BRDA:8,0,0,1
BRDA:8,0,1,29
BRDA:9,1,0,30
BRDA:9,1,1,0
BRDA:13,2,0,16
BRDA:13,2,1,11
BRF:6
BRH:5
end_of_record
TN:
SF:src/node/QuadraticCurveNode.ts
FN:4,(anonymous_7)
FN:10,QuadraticCurveNode
FN:20,(anonymous_9)
FNF:3
FNH:3
FNDA:1,(anonymous_7)
FNDA:2,QuadraticCurveNode
FNDA:2,(anonymous_9)
DA:1,1
DA:4,1
DA:11,2
DA:13,2
DA:14,2
DA:15,2
DA:16,2
DA:17,2
DA:20,1
DA:21,2
DA:23,1
LF:11
LH:11
BRDA:11,0,0,2
BRDA:11,0,1,2
BRF:2
BRH:2
end_of_record
TN:
SF:src/node/SymmetricCurveNode.ts
FN:4,(anonymous_7)
FN:10,SymmetricCurveNode
FN:26,(anonymous_9)
FNF:3
FNH:3
FNDA:1,(anonymous_7)
FNDA:2,SymmetricCurveNode
FNDA:2,(anonymous_9)
DA:1,1
DA:4,1
DA:17,2
DA:19,2
DA:20,2
DA:21,2
DA:22,2
DA:23,2
DA:26,1
DA:27,2
DA:29,1
LF:11
LH:11
BRDA:17,0,0,2
BRDA:17,0,1,2
BRF:2
BRH:2
end_of_record
TN:
SF:src/node/VerticalLineNode.ts
FN:4,(anonymous_7)
FN:5,VerticalLineNode
FN:11,(anonymous_9)
FNF:3
FNH:3
FNDA:1,(anonymous_7)
FNDA:2,VerticalLineNode
FNDA:2,(anonymous_9)
DA:1,1
DA:4,1
DA:6,2
DA:8,2
DA:11,1
DA:12,2
DA:14,1
LF:7
LH:7
BRDA:6,0,0,2
BRDA:6,0,1,0
BRF:2
BRH:1
end_of_record
TN:
SF:src/node/index.ts
FN:1,(anonymous_1)
FN:3,(anonymous_2)
FN:4,(anonymous_3)
FN:6,(anonymous_4)
FN:7,(anonymous_5)
FN:8,(anonymous_6)
FN:10,(anonymous_7)
FN:11,(anonymous_8)
FN:12,(anonymous_9)
FN:14,(anonymous_10)
FNF:10
FNH:10
FNDA:1,(anonymous_1)
FNDA:7,(anonymous_2)
FNDA:4,(anonymous_3)
FNDA:6,(anonymous_4)
FNDA:2,(anonymous_5)
FNDA:2,(anonymous_6)
FNDA:2,(anonymous_7)
FNDA:2,(anonymous_8)
FNDA:2,(anonymous_9)
FNDA:2,(anonymous_10)
DA:1,2
DA:3,8
DA:4,5
DA:6,7
DA:7,3
DA:8,3
DA:10,3
DA:11,3
DA:12,3
DA:14,3
LF:10
LH:10
BRF:0
BRH:0
end_of_record
